
=== Mon Jan  7 21:22:37 2019

Packages were changed.
Update Mode: mergeDefaultDependencies

The following packages were updated:
  com.unity.analytics from version 3.0.5 to 3.0.9
  com.unity.collab-proxy from version 1.2.6 to 1.2.9
  com.unity.package-manager-ui from version 2.0.0-preview.3 to 2.1.0-preview.1
  com.unity.textmeshpro from version 1.2.1 to 1.3.0

=== Sun Jul 26 15:59:55 2020

Packages were changed.
Update Mode: updateDependencies

The following packages were added:
  com.unity.2d.sprite@1.0.0
  com.unity.2d.tilemap@1.0.0
  com.unity.ide.rider@1.1.4
  com.unity.ide.vscode@1.2.1
  com.unity.modules.androidjni@1.0.0
  com.unity.multiplayer-hlapi@1.0.6
  com.unity.test-framework@1.1.14
  com.unity.timeline@1.2.6
  com.unity.ugui@1.0.0
  com.unity.xr.legacyinputhelpers@2.1.4
The following packages were updated:
  com.unity.ads from version 2.0.8 to 3.4.7
  com.unity.analytics from version 3.0.9 to 3.3.5
  com.unity.collab-proxy from version 1.2.9 to 1.2.16
  com.unity.postprocessing from version 2.1.7 to 2.2.2
  com.unity.purchasing from version 2.0.1 to 2.0.6
  com.unity.render-pipelines.core from version 5.2.3 to 7.3.1
  com.unity.textmeshpro from version 1.3.0 to 2.0.1
The following packages were removed:
  com.unity.package-manager-ui@2.1.0-preview.1

=== Fri Mar 19 13:00:01 2021

Packages were changed.
Update Mode: updateDependencies

The following packages were updated:
  com.unity.ads from version 3.4.7 to 3.6.1
  com.unity.ide.vscode from version 1.2.1 to 1.2.3
  com.unity.multiplayer-hlapi from version 1.0.6 to 1.0.8
  com.unity.purchasing from version 2.0.6 to 2.2.1
  com.unity.test-framework from version 1.1.14 to 1.1.22
  com.unity.xr.legacyinputhelpers from version 2.1.4 to 2.1.7
